<?xml version="1.0" encoding="utf-8"?><testsuites name="pytest tests"><testsuite name="pytest" errors="0" failures="0" skipped="0" tests="8" time="1.787" timestamp="2026-05-04T22:15:19.554548+00:00" hostname="agent-env-2491794d-4f2a-40cc-8d27-74ddd13cae69"><testcase classname="backend.tests.backend_test" name="test_health" time="0.199" /><testcase classname="backend.tests.backend_test" name="test_root" time="0.203" /><testcase classname="backend.tests.backend_test.TestContact" name="test_create_contact_valid" time="0.292" /><testcase classname="backend.tests.backend_test.TestContact" name="test_create_contact_invalid_email" time="0.130" /><testcase classname="backend.tests.backend_test.TestContact" name="test_create_contact_missing_name" time="0.165" /><testcase classname="backend.tests.backend_test.TestContact" name="test_create_contact_missing_message" time="0.152" /><testcase classname="backend.tests.backend_test.TestContact" name="test_create_contact_empty_name" time="0.239" /><testcase classname="backend.tests.backend_test.TestContact" name="test_contacts_sorted_desc" time="0.254" /></testsuite></testsuites>